running develop
running egg_info
creating class_pkg.egg-info
writing class_pkg.egg-info/PKG-INFO
writing dependency_links to class_pkg.egg-info/dependency_links.txt
writing entry points to class_pkg.egg-info/entry_points.txt
writing requirements to class_pkg.egg-info/requires.txt
writing top-level names to class_pkg.egg-info/top_level.txt
writing manifest file 'class_pkg.egg-info/SOURCES.txt'
reading manifest file 'class_pkg.egg-info/SOURCES.txt'
writing manifest file 'class_pkg.egg-info/SOURCES.txt'
running build_ext
Creating /home/mech1/MWorkspace/turtlebot_ws/install/class_pkg/lib/python3.10/site-packages/class-pkg.egg-link (link to .)
Installing custom_talker script to /home/mech1/MWorkspace/turtlebot_ws/install/class_pkg/lib/class_pkg

Installed /home/mech1/MWorkspace/turtlebot_ws/build/class_pkg
running symlink_data
creating /home/mech1/MWorkspace/turtlebot_ws/install/class_pkg/share/ament_index
creating /home/mech1/MWorkspace/turtlebot_ws/install/class_pkg/share/ament_index/resource_index
creating /home/mech1/MWorkspace/turtlebot_ws/install/class_pkg/share/ament_index/resource_index/packages
symbolically linking /home/mech1/MWorkspace/turtlebot_ws/build/class_pkg/resource/class_pkg -> /home/mech1/MWorkspace/turtlebot_ws/install/class_pkg/share/ament_index/resource_index/packages
symbolically linking /home/mech1/MWorkspace/turtlebot_ws/build/class_pkg/package.xml -> /home/mech1/MWorkspace/turtlebot_ws/install/class_pkg/share/class_pkg
