[0.122s] DEBUG:colcon:Command line arguments: ['/usr/bin/colcon', 'build', '--symlink-install']
[0.122s] DEBUG:colcon:Parsed command line arguments: Namespace(log_base=None, log_level=None, verb_name='build', build_base='build', install_base='install', merge_install=False, symlink_install=True, test_result_base=None, continue_on_error=False, executor='parallel', parallel_workers=8, event_handlers=None, ignore_user_meta=False, metas=['./colcon.meta'], base_paths=['.'], packages_ignore=None, packages_ignore_regex=None, paths=None, packages_up_to=None, packages_up_to_regex=None, packages_above=None, packages_above_and_dependencies=None, packages_above_depth=None, packages_select_by_dep=None, packages_skip_by_dep=None, packages_skip_up_to=None, packages_select_build_failed=False, packages_skip_build_finished=False, packages_select_test_failures=False, packages_skip_test_passed=False, packages_select=None, packages_skip=None, packages_select_regex=None, packages_skip_regex=None, packages_start=None, packages_end=None, allow_overriding=[], cmake_args=None, cmake_target=None, cmake_target_skip_unavailable=False, cmake_clean_cache=False, cmake_clean_first=False, cmake_force_configure=False, ament_cmake_args=None, catkin_cmake_args=None, catkin_skip_building_tests=False, mixin_files=None, mixin=None, verb_parser=<colcon_mixin.mixin.mixin_argument.MixinArgumentDecorator object at 0x7f266116eb60>, verb_extension=<colcon_core.verb.build.BuildVerb object at 0x7f266116e560>, main=<bound method BuildVerb.main of <colcon_core.verb.build.BuildVerb object at 0x7f266116e560>>, mixin_verb=('build',))
[3.690s] Level 1:colcon.colcon_core.package_discovery:discover_packages(colcon_meta) check parameters
[3.690s] Level 1:colcon.colcon_core.package_discovery:discover_packages(recursive) check parameters
[3.690s] Level 1:colcon.colcon_core.package_discovery:discover_packages(ignore) check parameters
[3.690s] Level 1:colcon.colcon_core.package_discovery:discover_packages(path) check parameters
[3.690s] Level 1:colcon.colcon_core.package_discovery:discover_packages(colcon_meta) discover
[3.690s] Level 1:colcon.colcon_core.package_discovery:discover_packages(recursive) discover
[3.691s] INFO:colcon.colcon_core.package_discovery:Crawling recursively for packages in '/home/mech1/MWorkspace/turtlebot_ws'
[3.691s] Level 1:colcon.colcon_core.package_identification:_identify(.) by extensions ['ignore', 'ignore_ament_install']
[3.691s] Level 1:colcon.colcon_core.package_identification:_identify(.) by extension 'ignore'
[3.691s] Level 1:colcon.colcon_core.package_identification:_identify(.) by extension 'ignore_ament_install'
[3.691s] Level 1:colcon.colcon_core.package_identification:_identify(.) by extensions ['colcon_pkg']
[3.692s] Level 1:colcon.colcon_core.package_identification:_identify(.) by extension 'colcon_pkg'
[3.692s] Level 1:colcon.colcon_core.package_identification:_identify(.) by extensions ['colcon_meta']
[3.692s] Level 1:colcon.colcon_core.package_identification:_identify(.) by extension 'colcon_meta'
[3.692s] Level 1:colcon.colcon_core.package_identification:_identify(.) by extensions ['ros']
[3.692s] Level 1:colcon.colcon_core.package_identification:_identify(.) by extension 'ros'
[3.723s] Level 1:colcon.colcon_core.package_identification:_identify(.) by extensions ['cmake', 'python']
[3.723s] Level 1:colcon.colcon_core.package_identification:_identify(.) by extension 'cmake'
[3.723s] Level 1:colcon.colcon_core.package_identification:_identify(.) by extension 'python'
[3.723s] Level 1:colcon.colcon_core.package_identification:_identify(.) by extensions ['python_setup_py']
[3.723s] Level 1:colcon.colcon_core.package_identification:_identify(.) by extension 'python_setup_py'
[3.724s] Level 1:colcon.colcon_core.package_identification:_identify(build) by extensions ['ignore', 'ignore_ament_install']
[3.724s] Level 1:colcon.colcon_core.package_identification:_identify(build) by extension 'ignore'
[3.724s] Level 1:colcon.colcon_core.package_identification:_identify(build) ignored
[3.725s] Level 1:colcon.colcon_core.package_identification:_identify(install) by extensions ['ignore', 'ignore_ament_install']
[3.725s] Level 1:colcon.colcon_core.package_identification:_identify(install) by extension 'ignore'
[3.725s] Level 1:colcon.colcon_core.package_identification:_identify(install) ignored
[3.725s] Level 1:colcon.colcon_core.package_identification:_identify(log) by extensions ['ignore', 'ignore_ament_install']
[3.725s] Level 1:colcon.colcon_core.package_identification:_identify(log) by extension 'ignore'
[3.726s] Level 1:colcon.colcon_core.package_identification:_identify(log) ignored
[3.726s] Level 1:colcon.colcon_core.package_identification:_identify(src) by extensions ['ignore', 'ignore_ament_install']
[3.726s] Level 1:colcon.colcon_core.package_identification:_identify(src) by extension 'ignore'
[3.726s] Level 1:colcon.colcon_core.package_identification:_identify(src) by extension 'ignore_ament_install'
[3.726s] Level 1:colcon.colcon_core.package_identification:_identify(src) by extensions ['colcon_pkg']
[3.727s] Level 1:colcon.colcon_core.package_identification:_identify(src) by extension 'colcon_pkg'
[3.727s] Level 1:colcon.colcon_core.package_identification:_identify(src) by extensions ['colcon_meta']
[3.727s] Level 1:colcon.colcon_core.package_identification:_identify(src) by extension 'colcon_meta'
[3.727s] Level 1:colcon.colcon_core.package_identification:_identify(src) by extensions ['ros']
[3.727s] Level 1:colcon.colcon_core.package_identification:_identify(src) by extension 'ros'
[3.727s] Level 1:colcon.colcon_core.package_identification:_identify(src) by extensions ['cmake', 'python']
[3.727s] Level 1:colcon.colcon_core.package_identification:_identify(src) by extension 'cmake'
[3.728s] Level 1:colcon.colcon_core.package_identification:_identify(src) by extension 'python'
[3.728s] Level 1:colcon.colcon_core.package_identification:_identify(src) by extensions ['python_setup_py']
[3.728s] Level 1:colcon.colcon_core.package_identification:_identify(src) by extension 'python_setup_py'
[3.728s] Level 1:colcon.colcon_core.package_identification:_identify(src/class_pkg) by extensions ['ignore', 'ignore_ament_install']
[3.728s] Level 1:colcon.colcon_core.package_identification:_identify(src/class_pkg) by extension 'ignore'
[3.729s] Level 1:colcon.colcon_core.package_identification:_identify(src/class_pkg) by extension 'ignore_ament_install'
[3.729s] Level 1:colcon.colcon_core.package_identification:_identify(src/class_pkg) by extensions ['colcon_pkg']
[3.729s] Level 1:colcon.colcon_core.package_identification:_identify(src/class_pkg) by extension 'colcon_pkg'
[3.729s] Level 1:colcon.colcon_core.package_identification:_identify(src/class_pkg) by extensions ['colcon_meta']
[3.729s] Level 1:colcon.colcon_core.package_identification:_identify(src/class_pkg) by extension 'colcon_meta'
[3.729s] Level 1:colcon.colcon_core.package_identification:_identify(src/class_pkg) by extensions ['ros']
[3.729s] Level 1:colcon.colcon_core.package_identification:_identify(src/class_pkg) by extension 'ros'
[3.751s] DEBUG:colcon.colcon_core.package_identification:Package 'src/class_pkg' with type 'ros.ament_python' and name 'class_pkg'
[3.751s] Level 1:colcon.colcon_core.package_discovery:discover_packages(recursive) using defaults
[3.751s] Level 1:colcon.colcon_core.package_discovery:discover_packages(ignore) discover
[3.752s] Level 1:colcon.colcon_core.package_discovery:discover_packages(ignore) using defaults
[3.752s] Level 1:colcon.colcon_core.package_discovery:discover_packages(path) discover
[3.752s] Level 1:colcon.colcon_core.package_discovery:discover_packages(path) using defaults
[3.894s] Level 1:colcon.colcon_core.package_discovery:discover_packages(prefix_path) check parameters
[3.894s] Level 1:colcon.colcon_core.package_discovery:discover_packages(prefix_path) discover
[3.899s] DEBUG:colcon.colcon_installed_package_information.package_discovery:Found 446 installed packages in /opt/ros/humble
[3.916s] Level 1:colcon.colcon_core.package_discovery:discover_packages(prefix_path) using defaults
[3.984s] Level 5:colcon.colcon_core.verb:set package 'class_pkg' build argument 'cmake_args' from command line to 'None'
[3.984s] Level 5:colcon.colcon_core.verb:set package 'class_pkg' build argument 'cmake_target' from command line to 'None'
[3.984s] Level 5:colcon.colcon_core.verb:set package 'class_pkg' build argument 'cmake_target_skip_unavailable' from command line to 'False'
[3.984s] Level 5:colcon.colcon_core.verb:set package 'class_pkg' build argument 'cmake_clean_cache' from command line to 'False'
[3.984s] Level 5:colcon.colcon_core.verb:set package 'class_pkg' build argument 'cmake_clean_first' from command line to 'False'
[3.984s] Level 5:colcon.colcon_core.verb:set package 'class_pkg' build argument 'cmake_force_configure' from command line to 'False'
[3.984s] Level 5:colcon.colcon_core.verb:set package 'class_pkg' build argument 'ament_cmake_args' from command line to 'None'
[3.984s] Level 5:colcon.colcon_core.verb:set package 'class_pkg' build argument 'catkin_cmake_args' from command line to 'None'
[3.985s] Level 5:colcon.colcon_core.verb:set package 'class_pkg' build argument 'catkin_skip_building_tests' from command line to 'False'
[3.985s] DEBUG:colcon.colcon_core.verb:Building package 'class_pkg' with the following arguments: {'ament_cmake_args': None, 'build_base': '/home/mech1/MWorkspace/turtlebot_ws/build/class_pkg', 'catkin_cmake_args': None, 'catkin_skip_building_tests': False, 'cmake_args': None, 'cmake_clean_cache': False, 'cmake_clean_first': False, 'cmake_force_configure': False, 'cmake_target': None, 'cmake_target_skip_unavailable': False, 'install_base': '/home/mech1/MWorkspace/turtlebot_ws/install/class_pkg', 'merge_install': False, 'path': '/home/mech1/MWorkspace/turtlebot_ws/src/class_pkg', 'symlink_install': True, 'test_result_base': None}
[3.985s] INFO:colcon.colcon_core.executor:Executing jobs using 'parallel' executor
[3.986s] DEBUG:colcon.colcon_parallel_executor.executor.parallel:run_until_complete
[3.986s] INFO:colcon.colcon_ros.task.ament_python.build:Building ROS package in '/home/mech1/MWorkspace/turtlebot_ws/src/class_pkg' with build type 'ament_python'
[3.986s] Level 1:colcon.colcon_core.shell:create_environment_hook('class_pkg', 'ament_prefix_path')
[3.998s] INFO:colcon.colcon_core.plugin_system:Skipping extension 'colcon_core.shell.bat': Not used on non-Windows systems
[3.998s] INFO:colcon.colcon_core.shell:Creating environment hook '/home/mech1/MWorkspace/turtlebot_ws/install/class_pkg/share/class_pkg/hook/ament_prefix_path.ps1'
[4.008s] INFO:colcon.colcon_core.shell:Creating environment descriptor '/home/mech1/MWorkspace/turtlebot_ws/install/class_pkg/share/class_pkg/hook/ament_prefix_path.dsv'
[4.022s] INFO:colcon.colcon_core.shell:Creating environment hook '/home/mech1/MWorkspace/turtlebot_ws/install/class_pkg/share/class_pkg/hook/ament_prefix_path.sh'
[4.023s] INFO:colcon.colcon_core.shell:Skip shell extension 'powershell' for command environment: Not usable outside of PowerShell
[4.023s] DEBUG:colcon.colcon_core.shell:Skip shell extension 'dsv' for command environment
[4.339s] INFO:colcon.colcon_core.task.python.build:Building Python package in '/home/mech1/MWorkspace/turtlebot_ws/src/class_pkg'
[4.340s] INFO:colcon.colcon_core.shell:Skip shell extension 'powershell' for command environment: Not usable outside of PowerShell
[4.340s] DEBUG:colcon.colcon_core.shell:Skip shell extension 'dsv' for command environment
[5.462s] DEBUG:colcon.colcon_core.event_handler.log_command:Invoking command in '/home/mech1/MWorkspace/turtlebot_ws/build/class_pkg': PYTHONPATH=/home/mech1/MWorkspace/turtlebot_ws/build/class_pkg/prefix_override:/usr/lib/python3/dist-packages/colcon_core/task/python/colcon_distutils_commands:/home/mech1/MWorkspace/turtlebot_ws/install/class_pkg/lib/python3.10/site-packages:${PYTHONPATH} /usr/bin/python3 -W ignore:setup.py install is deprecated setup.py develop --editable --build-directory /home/mech1/MWorkspace/turtlebot_ws/build/class_pkg/build --no-deps symlink_data
[6.034s] Level 1:colcon.colcon_core.shell:create_environment_hook('class_pkg', 'pythonpath_develop')
[6.034s] INFO:colcon.colcon_core.shell:Creating environment hook '/home/mech1/MWorkspace/turtlebot_ws/build/class_pkg/share/class_pkg/hook/pythonpath_develop.ps1'
[6.035s] DEBUG:colcon.colcon_core.event_handler.log_command:Invoked command in '/home/mech1/MWorkspace/turtlebot_ws/build/class_pkg' returned '0': PYTHONPATH=/home/mech1/MWorkspace/turtlebot_ws/build/class_pkg/prefix_override:/usr/lib/python3/dist-packages/colcon_core/task/python/colcon_distutils_commands:/home/mech1/MWorkspace/turtlebot_ws/install/class_pkg/lib/python3.10/site-packages:${PYTHONPATH} /usr/bin/python3 -W ignore:setup.py install is deprecated setup.py develop --editable --build-directory /home/mech1/MWorkspace/turtlebot_ws/build/class_pkg/build --no-deps symlink_data
[6.035s] INFO:colcon.colcon_core.shell:Creating environment descriptor '/home/mech1/MWorkspace/turtlebot_ws/build/class_pkg/share/class_pkg/hook/pythonpath_develop.dsv'
[6.036s] INFO:colcon.colcon_core.shell:Creating environment hook '/home/mech1/MWorkspace/turtlebot_ws/build/class_pkg/share/class_pkg/hook/pythonpath_develop.sh'
[6.105s] Level 1:colcon.colcon_core.environment:checking '/home/mech1/MWorkspace/turtlebot_ws/install/class_pkg' for CMake module files
[6.105s] Level 1:colcon.colcon_core.environment:checking '/home/mech1/MWorkspace/turtlebot_ws/install/class_pkg' for CMake config files
[6.106s] Level 1:colcon.colcon_core.environment:checking '/home/mech1/MWorkspace/turtlebot_ws/install/class_pkg/lib'
[6.106s] Level 1:colcon.colcon_core.environment:checking '/home/mech1/MWorkspace/turtlebot_ws/install/class_pkg/bin'
[6.106s] Level 1:colcon.colcon_core.environment:checking '/home/mech1/MWorkspace/turtlebot_ws/install/class_pkg/lib/pkgconfig/class_pkg.pc'
[6.106s] Level 1:colcon.colcon_core.environment:checking '/home/mech1/MWorkspace/turtlebot_ws/install/class_pkg/lib/python3.10/site-packages'
[6.106s] Level 1:colcon.colcon_core.shell:create_environment_hook('class_pkg', 'pythonpath')
[6.107s] INFO:colcon.colcon_core.shell:Creating environment hook '/home/mech1/MWorkspace/turtlebot_ws/install/class_pkg/share/class_pkg/hook/pythonpath.ps1'
[6.107s] INFO:colcon.colcon_core.shell:Creating environment descriptor '/home/mech1/MWorkspace/turtlebot_ws/install/class_pkg/share/class_pkg/hook/pythonpath.dsv'
[6.107s] INFO:colcon.colcon_core.shell:Creating environment hook '/home/mech1/MWorkspace/turtlebot_ws/install/class_pkg/share/class_pkg/hook/pythonpath.sh'
[6.108s] Level 1:colcon.colcon_core.environment:checking '/home/mech1/MWorkspace/turtlebot_ws/install/class_pkg/bin'
[6.108s] Level 1:colcon.colcon_core.environment:create_environment_scripts_only(class_pkg)
[6.108s] INFO:colcon.colcon_core.shell:Creating package script '/home/mech1/MWorkspace/turtlebot_ws/install/class_pkg/share/class_pkg/package.ps1'
[6.118s] INFO:colcon.colcon_core.shell:Creating package descriptor '/home/mech1/MWorkspace/turtlebot_ws/install/class_pkg/share/class_pkg/package.dsv'
[6.131s] INFO:colcon.colcon_core.shell:Creating package script '/home/mech1/MWorkspace/turtlebot_ws/install/class_pkg/share/class_pkg/package.sh'
[6.132s] INFO:colcon.colcon_core.shell:Creating package script '/home/mech1/MWorkspace/turtlebot_ws/install/class_pkg/share/class_pkg/package.bash'
[6.134s] INFO:colcon.colcon_core.shell:Creating package script '/home/mech1/MWorkspace/turtlebot_ws/install/class_pkg/share/class_pkg/package.zsh'
[6.153s] Level 1:colcon.colcon_core.environment:create_file_with_runtime_dependencies(/home/mech1/MWorkspace/turtlebot_ws/install/class_pkg/share/colcon-core/packages/class_pkg)
[6.154s] DEBUG:colcon.colcon_parallel_executor.executor.parallel:closing loop
[6.154s] DEBUG:colcon.colcon_parallel_executor.executor.parallel:loop closed
[6.154s] DEBUG:colcon.colcon_parallel_executor.executor.parallel:run_until_complete finished with '0'
[6.154s] DEBUG:colcon.colcon_core.event_reactor:joining thread
[6.181s] INFO:colcon.colcon_core.plugin_system:Skipping extension 'colcon_notification.desktop_notification.terminal_notifier': Not used on non-Darwin systems
[6.181s] INFO:colcon.colcon_core.plugin_system:Skipping extension 'colcon_notification.desktop_notification.win32': Not used on non-Windows systems
[6.181s] INFO:colcon.colcon_notification.desktop_notification:Sending desktop notification using 'notify2'
[6.222s] DEBUG:colcon.colcon_core.event_reactor:joined thread
[6.223s] INFO:colcon.colcon_core.shell:Creating prefix script '/home/mech1/MWorkspace/turtlebot_ws/install/local_setup.ps1'
[6.224s] INFO:colcon.colcon_core.shell:Creating prefix util module '/home/mech1/MWorkspace/turtlebot_ws/install/_local_setup_util_ps1.py'
[6.226s] INFO:colcon.colcon_core.shell:Creating prefix chain script '/home/mech1/MWorkspace/turtlebot_ws/install/setup.ps1'
[6.229s] INFO:colcon.colcon_core.shell:Creating prefix script '/home/mech1/MWorkspace/turtlebot_ws/install/local_setup.sh'
[6.230s] INFO:colcon.colcon_core.shell:Creating prefix util module '/home/mech1/MWorkspace/turtlebot_ws/install/_local_setup_util_sh.py'
[6.231s] INFO:colcon.colcon_core.shell:Creating prefix chain script '/home/mech1/MWorkspace/turtlebot_ws/install/setup.sh'
[6.232s] INFO:colcon.colcon_core.shell:Creating prefix script '/home/mech1/MWorkspace/turtlebot_ws/install/local_setup.bash'
[6.233s] INFO:colcon.colcon_core.shell:Creating prefix chain script '/home/mech1/MWorkspace/turtlebot_ws/install/setup.bash'
[6.235s] INFO:colcon.colcon_core.shell:Creating prefix script '/home/mech1/MWorkspace/turtlebot_ws/install/local_setup.zsh'
[6.236s] INFO:colcon.colcon_core.shell:Creating prefix chain script '/home/mech1/MWorkspace/turtlebot_ws/install/setup.zsh'
